{"level":"info","message":"Server is running on port 6060","timestamp":"2022-06-19T07:00:13.979Z"}
{"level":"error","message":"An error occurred while getting chaincode with name fcs","timestamp":"2022-06-19T07:01:16.428Z"}
{"level":"info","message":"Server is running on port 6060","timestamp":"2022-06-19T07:05:16.444Z"}
{"level":"error","timestamp":"2022-06-19T07:05:49.865Z"}
{"level":"info","message":"Server created","timestamp":"2022-06-19T08:39:46.963Z"}
{"level":"info","message":"Server is running on port 6060","timestamp":"2022-06-19T08:39:46.977Z"}
{"level":"info","message":"Server created","timestamp":"2022-06-19T08:59:24.395Z"}
{"level":"info","message":"Server is running on port 6060","timestamp":"2022-06-19T08:59:24.417Z"}
{"level":"info","message":"Server created","timestamp":"2022-06-19T09:08:58.532Z"}
{"level":"info","message":"Server is running on port 6060","timestamp":"2022-06-19T09:09:45.058Z"}
{"level":"info","message":"Server created","timestamp":"2022-06-19T09:20:19.775Z"}
{"level":"info","message":"Server is running on port 6060","timestamp":"2022-06-19T09:20:30.225Z"}
{"level":"info","message":"Server created","timestamp":"2022-06-19T10:21:31.057Z"}
{"level":"info","message":"Server is running on port 6060","timestamp":"2022-06-19T10:21:31.061Z"}
{"level":"info","message":"Server created","timestamp":"2022-06-19T10:22:18.917Z"}
{"level":"info","message":"Server is running on port 6060","timestamp":"2022-06-19T10:22:19.950Z"}
{"level":"error","message":"An error occurred while getting gateway","timestamp":"2022-06-19T10:23:02.594Z"}
{"level":"info","message":"Server created","timestamp":"2022-06-19T10:49:48.131Z"}
{"level":"info","message":"Server is running on port 6060","timestamp":"2022-06-19T10:49:49.384Z"}
{"level":"info","message":"Server created","timestamp":"2022-06-19T10:52:34.491Z"}
{"level":"info","message":"Server is running on port 6060","timestamp":"2022-06-19T10:52:34.511Z"}
{"level":"info","message":"Server created","timestamp":"2022-06-19T10:56:32.876Z"}
{"level":"info","message":"Server is running on port 6060","timestamp":"2022-06-19T10:56:32.886Z"}
{"level":"info","message":"Server created","timestamp":"2022-06-19T10:57:54.828Z"}
{"level":"info","message":"Server is running on port 6060","timestamp":"2022-06-19T10:57:54.837Z"}
{"level":"info","message":"Server created","timestamp":"2022-06-19T11:07:51.657Z"}
{"level":"info","message":"Server is running on port 6060","timestamp":"2022-06-19T11:07:51.671Z"}
{"level":"info","message":"Server created","timestamp":"2022-06-19T11:14:34.829Z"}
{"level":"info","message":"Server is running on port 6060","timestamp":"2022-06-19T11:14:34.853Z"}
{"level":"info","message":"Server created","timestamp":"2022-06-19T11:35:41.493Z"}
{"level":"info","message":"Server is running on port 6060","timestamp":"2022-06-19T11:35:41.501Z"}
{"level":"info","message":"Server created","timestamp":"2022-06-19T11:37:18.126Z"}
{"level":"info","message":"Server is running on port 6060","timestamp":"2022-06-19T11:37:18.138Z"}
{"level":"info","message":"Server created","timestamp":"2022-06-19T11:39:44.979Z"}
{"level":"info","message":"Server is running on port 6060","timestamp":"2022-06-19T11:39:44.983Z"}
{"level":"info","message":"Server created","timestamp":"2022-06-19T11:50:58.083Z"}
{"level":"info","message":"Server is running on port 6060","timestamp":"2022-06-19T11:50:58.092Z"}
{"level":"error","timestamp":"2022-06-19T11:56:53.032Z"}
{"level":"info","message":"Server created","timestamp":"2022-06-19T12:24:23.259Z"}
{"level":"info","message":"Server is running on port 6060","timestamp":"2022-06-19T12:24:23.278Z"}
{"level":"info","message":"Server created","timestamp":"2022-06-19T12:26:26.533Z"}
{"level":"info","message":"Server is running on port 6060","timestamp":"2022-06-19T12:26:26.572Z"}
{"level":"info","message":"Server created","timestamp":"2022-06-19T12:28:30.794Z"}
{"level":"info","message":"Server is running on port 6060","timestamp":"2022-06-19T12:28:30.816Z"}
{"level":"info","message":"Server created","timestamp":"2022-06-19T12:29:16.253Z"}
{"level":"info","message":"Server is running on port 6060","timestamp":"2022-06-19T12:29:16.262Z"}
{"level":"info","message":"Server created","timestamp":"2022-06-19T12:32:22.219Z"}
{"level":"info","message":"Server is running on port 6060","timestamp":"2022-06-19T12:32:22.233Z"}
{"level":"info","message":"Server created","timestamp":"2022-06-19T14:01:30.693Z"}
{"level":"info","message":"Server is running on port 6060","timestamp":"2022-06-19T14:01:30.696Z"}
{"level":"info","message":"Server created","timestamp":"2022-06-19T14:10:14.466Z"}
{"level":"info","message":"Server is running on port 6060","timestamp":"2022-06-19T14:10:14.469Z"}
{"level":"info","message":"Server created","timestamp":"2022-06-19T14:10:53.166Z"}
{"level":"info","message":"Server is running on port 6060","timestamp":"2022-06-19T14:10:53.170Z"}
{"level":"info","message":"Server created","timestamp":"2022-06-19T14:11:39.819Z"}
{"level":"info","message":"Server is running on port 6060","timestamp":"2022-06-19T14:11:39.822Z"}
{"code":"ENOENT","errno":-2,"level":"error","path":"../varssssss/profiles/reputation-channel_connection_for_nodesdk.json","syscall":"open","timestamp":"2022-06-19T14:11:44.278Z"}
{"level":"info","message":"Server created","timestamp":"2022-06-19T14:12:12.528Z"}
{"level":"info","message":"Server is running on port 6060","timestamp":"2022-06-19T14:12:12.532Z"}
{"level":"info","message":"Server created","timestamp":"2022-06-19T14:13:25.253Z"}
{"level":"info","message":"Server is running on port 6060","timestamp":"2022-06-19T14:13:25.257Z"}
{"level":"info","message":"Server created","timestamp":"2022-06-19T17:57:00.397Z"}
{"level":"info","message":"Server is running on port 6060","timestamp":"2022-06-19T17:57:01.111Z"}
{"level":"info","message":"Server created","timestamp":"2022-06-19T17:58:23.706Z"}
{"level":"info","message":"Server is running on port 6060","timestamp":"2022-06-19T17:58:23.719Z"}
{"level":"info","message":"Server created","timestamp":"2022-06-19T19:50:23.052Z"}
{"level":"info","message":"Server is running on port 6060","timestamp":"2022-06-19T19:50:23.065Z"}
{"level":"info","message":"Server created","timestamp":"2022-06-19T19:59:15.348Z"}
{"level":"info","message":"Server is running on port 6060","timestamp":"2022-06-19T19:59:15.360Z"}
{"level":"info","message":"Server created","timestamp":"2022-06-19T20:40:43.156Z"}
{"level":"info","message":"Server is running on port 6060","timestamp":"2022-06-19T20:40:43.180Z"}
{"level":"info","message":"Server created","timestamp":"2022-06-19T20:46:12.965Z"}
{"level":"info","message":"Server is running on port 6060","timestamp":"2022-06-19T20:46:12.986Z"}
{"level":"info","message":"Server created","timestamp":"2022-06-19T20:52:49.785Z"}
{"level":"info","message":"Server is running on port 6060","timestamp":"2022-06-19T20:52:49.801Z"}
{"level":"info","message":"Server created","timestamp":"2022-06-19T21:05:23.817Z"}
{"level":"info","message":"Server is running on port 6060","timestamp":"2022-06-19T21:05:23.825Z"}
{"level":"info","message":"Server created","timestamp":"2022-06-19T21:09:32.625Z"}
{"level":"info","message":"Server is running on port 6060","timestamp":"2022-06-19T21:09:32.640Z"}
{"level":"info","message":"Server created","timestamp":"2022-06-21T21:09:50.896Z"}
{"level":"info","message":"Server is running on port 6060","timestamp":"2022-06-21T21:09:50.900Z"}
{"level":"info","message":"Server created","timestamp":"2022-06-21T21:12:03.542Z"}
{"level":"info","message":"Server is running on port 6060","timestamp":"2022-06-21T21:12:03.546Z"}
{"level":"info","message":"Server created","timestamp":"2022-06-21T21:13:44.188Z"}
{"level":"info","message":"Server is running on port 6060","timestamp":"2022-06-21T21:13:44.192Z"}
{"level":"info","message":"Server created","timestamp":"2022-06-22T19:59:49.976Z"}
{"level":"info","message":"Server is running on port 6060","timestamp":"2022-06-22T19:59:49.980Z"}
{"level":"info","message":"Server created","timestamp":"2022-06-22T20:00:11.314Z"}
{"level":"info","message":"Server is running on port 6060","timestamp":"2022-06-22T20:00:11.318Z"}
{"level":"info","message":"Server created","timestamp":"2022-06-22T20:08:51.923Z"}
{"level":"info","message":"Server is running on port 6060","timestamp":"2022-06-22T20:08:51.927Z"}
{"level":"info","message":"Server created","timestamp":"2022-06-22T20:12:03.417Z"}
{"level":"info","message":"Server is running on port 6060","timestamp":"2022-06-22T20:12:03.420Z"}
{"level":"info","message":"Server created","timestamp":"2022-06-22T20:14:49.566Z"}
{"level":"info","message":"Server is running on port 6060","timestamp":"2022-06-22T20:14:49.569Z"}
{"level":"info","message":"Server created","timestamp":"2022-06-22T20:16:55.359Z"}
{"level":"info","message":"Server is running on port 6060","timestamp":"2022-06-22T20:16:55.396Z"}
{"level":"info","message":"Server created","timestamp":"2022-06-22T20:24:32.139Z"}
{"level":"info","message":"Server is running on port 6060","timestamp":"2022-06-22T20:24:32.143Z"}
{"level":"info","message":"Server created","timestamp":"2022-06-22T20:26:10.336Z"}
{"level":"info","message":"Server is running on port 6060","timestamp":"2022-06-22T20:26:10.340Z"}
{"level":"info","message":"Server created","timestamp":"2022-06-24T16:53:36.396Z"}
{"level":"info","message":"Server is running on port 6060","timestamp":"2022-06-24T16:53:36.400Z"}
{"level":"info","message":"Server created","timestamp":"2022-06-24T16:57:26.555Z"}
{"level":"info","message":"Server is running on port 6060","timestamp":"2022-06-24T16:57:26.559Z"}
{"level":"info","message":"Server created","timestamp":"2022-06-24T17:02:40.398Z"}
{"level":"info","message":"Server is running on port 6060","timestamp":"2022-06-24T17:02:40.402Z"}
{"level":"info","message":"Server created","timestamp":"2022-06-24T17:04:53.214Z"}
{"level":"info","message":"Server is running on port 6060","timestamp":"2022-06-24T17:04:53.223Z"}
{"level":"info","message":"Server created","timestamp":"2022-06-24T17:11:18.802Z"}
{"level":"info","message":"Server is running on port 6060","timestamp":"2022-06-24T17:11:18.806Z"}
{"level":"info","message":"Server created","timestamp":"2022-06-25T10:18:57.680Z"}
{"level":"info","message":"Server is running on port 6070","timestamp":"2022-06-25T10:18:57.707Z"}
{"level":"info","message":"Server created","timestamp":"2022-06-25T14:07:59.568Z"}
{"level":"info","message":"Server is running on port 6070","timestamp":"2022-06-25T14:07:59.584Z"}
{"level":"info","message":"Server created","timestamp":"2022-06-25T14:09:52.237Z"}
{"level":"info","message":"Server is running on port 6070","timestamp":"2022-06-25T14:09:52.249Z"}
{"level":"info","message":"Server created","timestamp":"2022-06-25T14:11:16.822Z"}
{"level":"info","message":"Server is running on port 6070","timestamp":"2022-06-25T14:11:16.833Z"}
{"level":"info","message":"Server created","timestamp":"2022-06-25T14:12:55.397Z"}
{"level":"info","message":"Server is running on port 6070","timestamp":"2022-06-25T14:12:55.416Z"}
{"level":"info","message":"Server created","timestamp":"2022-06-25T14:15:05.524Z"}
{"level":"info","message":"Server is running on port 6070","timestamp":"2022-06-25T14:15:05.528Z"}
{"level":"info","message":"Server created","timestamp":"2022-11-27T08:55:41.876Z"}
{"level":"info","message":"Server is running on port 6070","timestamp":"2022-11-27T08:55:41.880Z"}
{"level":"info","message":"Server created","timestamp":"2022-12-13T08:34:01.398Z"}
{"level":"info","message":"Server is running on port 6070","timestamp":"2022-12-13T08:34:01.406Z"}
{"level":"info","message":"Server created","timestamp":"2022-12-13T08:49:55.212Z"}
{"level":"info","message":"Server is running on port 6070","timestamp":"2022-12-13T08:49:55.225Z"}
{"level":"info","message":"Server created","timestamp":"2022-12-13T10:56:34.245Z"}
{"level":"info","message":"Server is running on port 6070","timestamp":"2022-12-13T10:56:34.254Z"}
{"level":"info","message":"Server created","timestamp":"2022-12-13T11:29:40.425Z"}
{"level":"info","message":"Server is running on port 6070","timestamp":"2022-12-13T11:29:40.433Z"}
{"level":"info","message":"Server created","timestamp":"2022-12-13T11:33:15.452Z"}
{"level":"info","message":"Server is running on port 6070","timestamp":"2022-12-13T11:33:15.467Z"}
{"level":"info","message":"Server created","timestamp":"2022-12-13T13:42:30.147Z"}
{"level":"info","message":"Server is running on port 6070","timestamp":"2022-12-13T13:42:30.158Z"}
{"level":"info","message":"Server created","timestamp":"2022-12-13T14:14:25.091Z"}
{"level":"info","message":"Server is running on port 6070","timestamp":"2022-12-13T14:14:25.100Z"}
{"level":"info","message":"Server created","timestamp":"2022-12-13T14:38:01.336Z"}
{"level":"info","message":"Server is running on port 6070","timestamp":"2022-12-13T14:38:01.346Z"}
{"level":"info","message":"Server created","timestamp":"2022-12-13T14:59:26.442Z"}
{"level":"info","message":"Server is running on port 6070","timestamp":"2022-12-13T14:59:26.451Z"}
{"level":"info","message":"Server created","timestamp":"2022-12-17T10:10:35.222Z"}
{"level":"info","message":"Server is running on port 6070","timestamp":"2022-12-17T10:10:35.230Z"}
{"level":"info","message":"Server created","timestamp":"2022-12-17T15:21:31.742Z"}
{"level":"info","message":"Server is running on port 6070","timestamp":"2022-12-17T15:21:31.756Z"}
{"level":"info","message":"Server created","timestamp":"2022-12-17T15:27:49.383Z"}
{"level":"info","message":"Server is running on port 6070","timestamp":"2022-12-17T15:27:49.397Z"}
{"level":"info","message":"Server created","timestamp":"2022-12-17T15:29:10.078Z"}
{"level":"info","message":"Server is running on port 6070","timestamp":"2022-12-17T15:29:10.122Z"}
